#
# There is insufficient memory for the Java Runtime Environment to continue.
# Native memory allocation (mmap) failed to map 130023424 bytes for G1 virtual space
# Possible reasons:
#   The system is out of physical RAM or swap space
#   The process is running with CompressedOops enabled, and the Java Heap may be blocking the growth of the native heap
# Possible solutions:
#   Reduce memory load on the system
#   Increase physical memory or swap space
#   Check if swap backing store is full
#   Decrease Java heap size (-Xmx/-Xms)
#   Decrease number of Java threads
#   Decrease Java thread stack sizes (-Xss)
#   Set larger code cache with -XX:ReservedCodeCacheSize=
#   JVM is running with Unscaled Compressed Oops mode in which the Java heap is
#     placed in the first 4GB address space. The Java Heap base address is the
#     maximum limit for the native heap growth. Please use -XX:HeapBaseMinAddress
#     to set the Java Heap base and to place the Java Heap above 4GB virtual address.
# This output file may be truncated or incomplete.
#
#  Out of Memory Error (os_windows.cpp:3530), pid=49800, tid=27164
#
# JRE version:  (18.0.2+9) (build )
# Java VM: Java HotSpot(TM) 64-Bit Server VM (18.0.2+9-61, mixed mode, sharing, tiered, compressed oops, compressed class ptrs, g1 gc, windows-amd64)
# No core dump will be written. Minidumps are not enabled by default on client versions of Windows
#

---------------  S U M M A R Y ------------

Command Line: -Dfile.encoding=UTF-8 --module-path=C:\Users\SUNIL\Documents\NetBeansProjects\University Management System\build\classes university.management.system.Login

Host: 11th Gen Intel(R) Core(TM) i5-1155G7 @ 2.50GHz, 8 cores, 7G,  Windows 11 , 64 bit Build 22000 (10.0.22000.708)
Time: Wed Aug 17 19:26:14 2022 India Standard Time elapsed time: 0.012008 seconds (0d 0h 0m 0s)

---------------  T H R E A D  ---------------

Current thread (0x000001a87c8fe490):  JavaThread "Unknown thread" [_thread_in_vm, id=27164, stack(0x0000000ef3c00000,0x0000000ef3d00000)]

Stack: [0x0000000ef3c00000,0x0000000ef3d00000]
Native frames: (J=compiled Java code, j=interpreted, Vv=VM code, C=native code)
V  [jvm.dll+0x6993ca]
V  [jvm.dll+0x7f481d]
V  [jvm.dll+0x7f612e]
V  [jvm.dll+0x7f67e3]
V  [jvm.dll+0x25cdaf]
V  [jvm.dll+0x696319]
V  [jvm.dll+0x68ae4a]
V  [jvm.dll+0x3223eb]
V  [jvm.dll+0x329dc6]
V  [jvm.dll+0x37eade]
V  [jvm.dll+0x37ed0f]
V  [jvm.dll+0x2fa16a]
V  [jvm.dll+0x2fb1cd]
V  [jvm.dll+0x7c3450]
V  [jvm.dll+0x38be61]
V  [jvm.dll+0x7a2073]
V  [jvm.dll+0x40dc3f]
V  [jvm.dll+0x40f611]
C  [jli.dll+0x526b]
C  [ucrtbase.dll+0x26c0c]
C  [KERNEL32.DLL+0x154e0]
C  [ntdll.dll+0x485b]


---------------  P R O C E S S  ---------------

Threads class SMR info:
_java_thread_list=0x00007ffeffb1e550, length=0, elements={
}

Java Threads: ( => current thread )

Other Threads:
  0x000001a87c95d470 WorkerThread "GC Thread#0" [stack: 0x0000000ef3d00000,0x0000000ef3e00000] [id=48788]
  0x000001a87c96e7c0 ConcurrentGCThread "G1 Main Marker" [stack: 0x0000000ef3e00000,0x0000000ef3f00000] [id=50936]
  0x000001a87c96f0c0 WorkerThread "G1 Conc#0" [stack: 0x0000000ef3f00000,0x0000000ef4000000] [id=25840]

[error occurred during error reporting (printing all threads), id 0xc0000005, EXCEPTION_ACCESS_VIOLATION (0xc0000005) at pc=0x00007ffeff34a707]

VM state: not at safepoint (not fully initialized)

VM Mutex/Monitor currently owned by a thread:  ([mutex/lock_event])
[0x000001a87c8f9870] Heap_lock - owner thread: 0x000001a87c8fe490

Heap address: 0x0000000085800000, size: 1960 MB, Compressed Oops mode: 32-bit

CDS archive(s) mapped at: [0x0000000000000000-0x0000000000000000-0x0000000000000000), size 0, SharedBaseAddress: 0x0000000800000000, ArchiveRelocationMode: 0.
Narrow klass base: 0x0000000000000000, Narrow klass shift: 0, Narrow klass range: 0x0

GC Precious Log:
 CardTable entry size: 512
 Card Set container configuration: InlinePtr #cards 5 size 8 Array Of Cards #cards 12 size 40 Howl #buckets 4 coarsen threshold 1843 Howl Bitmap #cards 512 size 80 coarsen threshold 460 Card regions per heap region 1 cards per card region 2048

Heap:
 garbage-first heap   total 0K, used 0K [0x0000000085800000, 0x0000000100000000)
  region size 1024K, 0 young (0K), 0 survivors (0K)

[error occurred during error reporting (printing heap information), id 0xc0000005, EXCEPTION_ACCESS_VIOLATION (0xc0000005) at pc=0x00007ffeff731859]

GC Heap History (0 events):
No events

Deoptimization events (0 events):
No events

Classes loaded (0 events):
No events

Classes unloaded (0 events):
No events

Classes redefined (0 events):
No events

Internal exceptions (0 events):
No events

VM Operations (0 events):
No events

Events (1 events):
Event: 0.007 Loaded shared library C:\Program Files\Java\jdk-18.0.2\bin\java.dll


Dynamic libraries:
0x00007ff6ee530000 - 0x00007ff6ee540000 	C:\Program Files\Java\jdk-18.0.2\bin\java.exe
0x00007fff5b020000 - 0x00007fff5b229000 	C:\windows\SYSTEM32\ntdll.dll
0x00007fff59d50000 - 0x00007fff59e0d000 	C:\windows\System32\KERNEL32.DLL
0x00007fff58b30000 - 0x00007fff58ea9000 	C:\windows\System32\KERNELBASE.dll
0x00007fff58500000 - 0x00007fff58611000 	C:\windows\System32\ucrtbase.dll
0x00007fff2b9c0000 - 0x00007fff2b9da000 	C:\Program Files\Java\jdk-18.0.2\bin\VCRUNTIME140.dll
0x00007fff33b40000 - 0x00007fff33b58000 	C:\Program Files\Java\jdk-18.0.2\bin\jli.dll
0x00007fff5ad20000 - 0x00007fff5adce000 	C:\windows\System32\ADVAPI32.dll
0x00007fff5ae40000 - 0x00007fff5aee3000 	C:\windows\System32\msvcrt.dll
0x00007fff599f0000 - 0x00007fff59a8e000 	C:\windows\System32\sechost.dll
0x00007fff5a7d0000 - 0x00007fff5a8f0000 	C:\windows\System32\RPCRT4.dll
0x00007fff5ab00000 - 0x00007fff5acac000 	C:\windows\System32\USER32.dll
0x00007fff58b00000 - 0x00007fff58b26000 	C:\windows\System32\win32u.dll
0x00007fff39110000 - 0x00007fff393b5000 	C:\windows\WinSxS\amd64_microsoft.windows.common-controls_6595b64144ccf1df_6.0.22000.120_none_9d947278b86cc467\COMCTL32.dll
0x00007fff59b80000 - 0x00007fff59ba9000 	C:\windows\System32\GDI32.dll
0x00007fff58620000 - 0x00007fff58732000 	C:\windows\System32\gdi32full.dll
0x00007fff589f0000 - 0x00007fff58a8d000 	C:\windows\System32\msvcp_win.dll
0x00007fff510d0000 - 0x00007fff510da000 	C:\windows\SYSTEM32\VERSION.dll
0x00007fff59950000 - 0x00007fff59981000 	C:\windows\System32\IMM32.DLL
0x00007fff54950000 - 0x00007fff5495c000 	C:\Program Files\Java\jdk-18.0.2\bin\vcruntime140_1.dll
0x00007fff138d0000 - 0x00007fff1395d000 	C:\Program Files\Java\jdk-18.0.2\bin\msvcp140.dll
0x00007ffeff040000 - 0x00007ffeffc51000 	C:\Program Files\Java\jdk-18.0.2\bin\server\jvm.dll
0x00007fff5a760000 - 0x00007fff5a768000 	C:\windows\System32\PSAPI.DLL
0x00007fff409b0000 - 0x00007fff409b9000 	C:\windows\SYSTEM32\WSOCK32.dll
0x00007fff5add0000 - 0x00007fff5ae3f000 	C:\windows\System32\WS2_32.dll
0x00007fff512d0000 - 0x00007fff51303000 	C:\windows\SYSTEM32\WINMM.dll
0x00007fff576f0000 - 0x00007fff57708000 	C:\windows\SYSTEM32\kernel.appcore.dll
0x00007fff53c60000 - 0x00007fff53c6a000 	C:\Program Files\Java\jdk-18.0.2\bin\jimage.dll
0x00007fff55b20000 - 0x00007fff55d41000 	C:\windows\SYSTEM32\DBGHELP.DLL
0x00007fff3a300000 - 0x00007fff3a331000 	C:\windows\SYSTEM32\dbgcore.DLL
0x00007fff588b0000 - 0x00007fff5892f000 	C:\windows\System32\bcryptPrimitives.dll
0x00007fff184e0000 - 0x00007fff18505000 	C:\Program Files\Java\jdk-18.0.2\bin\java.dll

dbghelp: loaded successfully - version: 4.0.5 - missing functions: none
symbol engine: initialized successfully - sym options: 0x614 - pdb path: .;C:\Program Files\Java\jdk-18.0.2\bin;C:\windows\SYSTEM32;C:\windows\WinSxS\amd64_microsoft.windows.common-controls_6595b64144ccf1df_6.0.22000.120_none_9d947278b86cc467;C:\Program Files\Java\jdk-18.0.2\bin\server

VM Arguments:
jvm_args: -Dfile.encoding=UTF-8 --module-path=C:\Users\SUNIL\Documents\NetBeansProjects\University Management System\build\classes 
java_command: university.management.system.Login
java_class_path (initial): C:\Users\SUNIL\Documents\NetBeansProjects\University Management System\build\classes
Launcher Type: SUN_STANDARD

[Global flags]
     intx CICompilerCount                          = 4                                         {product} {ergonomic}
     uint ConcGCThreads                            = 2                                         {product} {ergonomic}
     uint G1ConcRefinementThreads                  = 8                                         {product} {ergonomic}
   size_t G1HeapRegionSize                         = 1048576                                   {product} {ergonomic}
    uintx GCDrainStackTargetSize                   = 64                                        {product} {ergonomic}
   size_t InitialHeapSize                          = 130023424                                 {product} {ergonomic}
   size_t MarkStackSize                            = 4194304                                   {product} {ergonomic}
   size_t MaxHeapSize                              = 2055208960                                {product} {ergonomic}
   size_t MinHeapDeltaBytes                        = 1048576                                   {product} {ergonomic}
   size_t MinHeapSize                              = 8388608                                   {product} {ergonomic}
    uintx NonNMethodCodeHeapSize                   = 5839372                                {pd product} {ergonomic}
    uintx NonProfiledCodeHeapSize                  = 122909434                              {pd product} {ergonomic}
    uintx ProfiledCodeHeapSize                     = 122909434                              {pd product} {ergonomic}
    uintx ReservedCodeCacheSize                    = 251658240                              {pd product} {ergonomic}
     bool SegmentedCodeCache                       = true                                      {product} {ergonomic}
   size_t SoftMaxHeapSize                          = 2055208960                             {manageable} {ergonomic}
     bool UseCompressedClassPointers               = true                           {product lp64_product} {ergonomic}
     bool UseCompressedOops                        = true                           {product lp64_product} {ergonomic}
     bool UseG1GC                                  = true                                      {product} {ergonomic}
     bool UseLargePagesIndividualAllocation        = false                                  {pd product} {ergonomic}

Logging:
Log output configuration:
 #0: stdout all=warning uptime,level,tags foldmultilines=false
 #1: stderr all=off uptime,level,tags foldmultilines=false

Environment Variables:
PATH=C:\Program Files\Common Files\Oracle\Java\javapath;C:\windows\system32;C:\windows;C:\windows\System32\Wbem;C:\windows\System32\WindowsPowerShell\v1.0\;C:\windows\System32\OpenSSH\;C:\windows\IsmFiles;C:\Program Files\Java\jdk-18.0.2\bin;C:\Program Files\MySQL\MySQL Shell 8.0\bin\;C:\Users\SUNIL\AppData\Local\Microsoft\WindowsApps;
USERNAME=SUNIL
OS=Windows_NT
PROCESSOR_IDENTIFIER=Intel64 Family 6 Model 140 Stepping 2, GenuineIntel



---------------  S Y S T E M  ---------------

OS:
 Windows 11 , 64 bit Build 22000 (10.0.22000.708)
OS uptime: 17 days 9:06 hours

CPU: total 8 (initial active 8) (4 cores per cpu, 2 threads per core) family 6 model 140 stepping 2 microcode 0x22, cx8, cmov, fxsr, ht, mmx, 3dnowpref, sse, sse2, sse3, ssse3, sse4.1, sse4.2, popcnt, lzcnt, tsc, tscinvbit, avx, avx2, aes, erms, clmul, bmi1, bmi2, adx, avx512f, avx512dq, avx512cd, avx512bw, avx512vl, sha, fma, vzeroupper, avx512_vpopcntdq, avx512_vpclmulqdq, avx512_vaes, avx512_vnni, clflush, clflushopt, clwb, avx512_vbmi2, avx512_vbmi

Memory: 4k page, system-wide physical 7834M (747M free)
TotalPageFile size 31273M (AvailPageFile size 82M)
current process WorkingSet (physical memory assigned to process): 10M, peak: 10M
current process commit charge ("private bytes"): 60M, peak: 184M

vm_info: Java HotSpot(TM) 64-Bit Server VM (18.0.2+9-61) for windows-amd64 JRE (18.0.2+9-61), built on Jun  7 2022 13:09:01 by "mach5one" with MS VC++ 16.8 / 16.9 (VS2019)

END.
